<?xml version="1.0" encoding="UTF-8"?>
<!-- Generated by org.testng.reporters.JUnitXMLReporter -->
<testsuite ignored="0" hostname="Rugmas-MacBook-Pro.local" failures="1" tests="3" name="HomePageTest" time="3.427" errors="0" timestamp="2025-10-21T01:34:21 IST">
  <testcase classname="com.CRM.TestCase.HomePageTestCase" name="verifyUrl" time="0.01"/>
  <testcase classname="com.CRM.TestCase.HomePageTestCase" name="verifyTitle" time="0.007">
    <failure type="java.lang.AssertionError" message="Test Fail: Title is not matched! expected [true] but found [false]">
      <![CDATA[java.lang.AssertionError: Test Fail: Title is not matched! expected [true] but found [false]
at com.CRM.TestCase.HomePageTestCase.verifyTitle(HomePageTestCase.java:25)
at java.base/java.util.ArrayList.forEach(ArrayList.java:1604)
... Removed 32 stack frames]]>
    </failure>
  </testcase> <!-- verifyTitle -->
  <testcase classname="com.CRM.TestCase.HomePageTestCase" name="validateSignInLink" time="1.196"/>
</testsuite> <!-- HomePageTest -->
